2001.08.11 21:51 B C:\Documents and Settings\BJ\My Documents\everide\sl\aerror.txt <-- everide /public_html/sl aerror.txt
2001.08.11 21:51 B C:\Documents and Settings\BJ\My Documents\everide\sl\dead.html <-- everide /public_html/sl dead.html
2001.08.11 21:51 B C:\Documents and Settings\BJ\My Documents\everide\sl\editcomments.php <-- everide /public_html/sl editcomments.php
2001.08.11 21:51 B C:\Documents and Settings\BJ\My Documents\everide\sl\eerror.txt <-- everide /public_html/sl eerror.txt
2001.08.11 21:51 B C:\Documents and Settings\BJ\My Documents\everide\sl\mail_tell.php <-- everide /public_html/sl mail_tell.php
2001.08.11 21:51 B C:\Documents and Settings\BJ\My Documents\everide\sl\nerror.txt <-- everide /public_html/sl nerror.txt
2001.08.11 21:51 B C:\Documents and Settings\BJ\My Documents\everide\sl\nierror.txt <-- everide /public_html/sl nierror.txt
2001.08.11 21:51 B C:\Documents and Settings\BJ\My Documents\everide\sl\serror.txt <-- everide /public_html/sl serror.txt
2001.08.11 21:51 B C:\Documents and Settings\BJ\My Documents\everide\sl\signed.php <-- everide /public_html/sl signed.php
2001.08.11 21:51 B C:\Documents and Settings\BJ\My Documents\everide\sl\stoked.php <-- everide /public_html/sl stoked.php
2001.08.11 21:51 B C:\Documents and Settings\BJ\My Documents\everide\sl\stokedsigners.php <-- everide /public_html/sl stokedsigners.php
2001.08.11 21:51 B C:\Documents and Settings\BJ\My Documents\everide\sl\tellafriend.php <-- everide /public_html/sl tellafriend.php
2001.08.11 21:51 B C:\Documents and Settings\BJ\My Documents\everide\sl\terror.txt <-- everide /public_html/sl terror.txt
2003.08.19 23:42 B C:\Documents and Settings\BJ\My Documents\everide\sl\aerror.txt <-- everide /public_html/sl aerror.txt
2003.08.19 23:42 B C:\Documents and Settings\BJ\My Documents\everide\sl\dead.html <-- everide /public_html/sl dead.html
2003.08.19 23:42 B C:\Documents and Settings\BJ\My Documents\everide\sl\editcomments.php <-- everide /public_html/sl editcomments.php
2003.08.19 23:42 B C:\Documents and Settings\BJ\My Documents\everide\sl\eerror.txt <-- everide /public_html/sl eerror.txt
2003.08.19 23:42 B C:\Documents and Settings\BJ\My Documents\everide\sl\mail_tell.php <-- everide /public_html/sl mail_tell.php
2003.08.19 23:42 B C:\Documents and Settings\BJ\My Documents\everide\sl\nerror.txt <-- everide /public_html/sl nerror.txt
2003.08.19 23:42 B C:\Documents and Settings\BJ\My Documents\everide\sl\nierror.txt <-- everide /public_html/sl nierror.txt
2003.08.19 23:42 B C:\Documents and Settings\BJ\My Documents\everide\sl\serror.txt <-- everide /public_html/sl serror.txt
2003.08.19 23:42 B C:\Documents and Settings\BJ\My Documents\everide\sl\signed.php <-- everide /public_html/sl signed.php
2003.08.19 23:42 B C:\Documents and Settings\BJ\My Documents\everide\sl\sort_signers.php <-- everide /public_html/sl sort_signers.php
2003.08.19 23:42 B C:\Documents and Settings\BJ\My Documents\everide\sl\stoked.php <-- everide /public_html/sl stoked.php
2003.08.19 23:42 B C:\Documents and Settings\BJ\My Documents\everide\sl\stokedsigners.php <-- everide /public_html/sl stokedsigners.php
2003.08.19 23:42 B C:\Documents and Settings\BJ\My Documents\everide\sl\tellafriend.php <-- everide /public_html/sl tellafriend.php
2003.08.19 23:42 B C:\Documents and Settings\BJ\My Documents\everide\sl\terror.txt <-- everide /public_html/sl terror.txt
2003.08.19 23:53 B C:\Documents and Settings\BJ\My Documents\everide\sl\stoked.php --> host80.ipowerweb.com /public_html/sl stoked.php
2003.08.19 23:54 B C:\Documents and Settings\BJ\My Documents\everide\sl\stoked.php --> host80.ipowerweb.com /public_html/sl stoked.php
2003.08.19 23:57 B C:\Documents and Settings\BJ\My Documents\everide\sl\stoked.php --> host80.ipowerweb.com /public_html/sl stoked.php
2003.08.20 00:06 B C:\Documents and Settings\BJ\My Documents\everide\sl\stoked.php --> host80.ipowerweb.com /public_html/sl stoked.php
2003.08.20 00:10 B C:\Documents and Settings\BJ\My Documents\everide\sl\stoked.php --> host80.ipowerweb.com /public_html/sl stoked.php
2003.09.24 19:36 B C:\Documents and Settings\BJ\My Documents\everide\sl\editcomments.php <-- everide /public_html/sl editcomments.php
2003.09.24 19:36 B C:\Documents and Settings\BJ\My Documents\everide\sl\query.php <-- everide /public_html/sl query.php
2003.09.24 19:36 B C:\Documents and Settings\BJ\My Documents\everide\sl\signed.php <-- everide /public_html/sl signed.php
2003.09.24 19:36 B C:\Documents and Settings\BJ\My Documents\everide\sl\sort_signers.php <-- everide /public_html/sl sort_signers.php
2003.09.24 19:36 B C:\Documents and Settings\BJ\My Documents\everide\sl\stoked.php <-- everide /public_html/sl stoked.php
2003.09.24 19:36 B C:\Documents and Settings\BJ\My Documents\everide\sl\stokedsigners.php <-- everide /public_html/sl stokedsigners.php
2003.09.24 19:36 B C:\Documents and Settings\BJ\My Documents\everide\sl\teamadd.php <-- everide /public_html/sl teamadd.php
2003.09.24 19:36 B C:\Documents and Settings\BJ\My Documents\everide\sl\teamdel.php <-- everide /public_html/sl teamdel.php
2003.09.24 19:36 B C:\Documents and Settings\BJ\My Documents\everide\sl\teamedit.php <-- everide /public_html/sl teamedit.php
2003.09.24 19:36 B C:\Documents and Settings\BJ\My Documents\everide\sl\tellafriend.php <-- everide /public_html/sl tellafriend.php
2003.10.16 17:35 B C:\Documents and Settings\BJ\My Documents\everide\sl\signed.php <-- everide /public_html/sl signed.php
2003.10.16 17:35 B C:\Documents and Settings\BJ\My Documents\everide\sl\sort_signers.php <-- everide /public_html/sl sort_signers.php
2003.10.16 17:35 B C:\Documents and Settings\BJ\My Documents\everide\sl\stoked.php <-- everide /public_html/sl stoked.php
2003.10.16 17:35 B C:\Documents and Settings\BJ\My Documents\everide\sl\stokedsigners.php <-- everide /public_html/sl stokedsigners.php
2003.10.19 13:13 B C:\Documents and Settings\BJ\My Documents\everide\sl\aerror.txt --> host80.ipowerweb.com /public_html/sl aerror.txt
2003.10.19 13:13 B C:\Documents and Settings\BJ\My Documents\everide\sl\dead.html --> host80.ipowerweb.com /public_html/sl dead.html
2003.10.19 13:13 B C:\Documents and Settings\BJ\My Documents\everide\sl\editcomments.php --> host80.ipowerweb.com /public_html/sl editcomments.php
2003.10.19 13:13 B C:\Documents and Settings\BJ\My Documents\everide\sl\eerror.txt --> host80.ipowerweb.com /public_html/sl eerror.txt
2003.10.19 13:13 B C:\Documents and Settings\BJ\My Documents\everide\sl\nerror.txt --> host80.ipowerweb.com /public_html/sl nerror.txt
2003.10.19 13:13 B C:\Documents and Settings\BJ\My Documents\everide\sl\nierror.txt --> host80.ipowerweb.com /public_html/sl nierror.txt
2003.10.19 13:13 B C:\Documents and Settings\BJ\My Documents\everide\sl\serror.txt --> host80.ipowerweb.com /public_html/sl serror.txt
2003.10.19 13:13 B C:\Documents and Settings\BJ\My Documents\everide\sl\signed.php --> host80.ipowerweb.com /public_html/sl signed.php
2003.10.19 13:13 B C:\Documents and Settings\BJ\My Documents\everide\sl\stoked.php --> host80.ipowerweb.com /public_html/sl stoked.php
2003.10.19 13:13 B C:\Documents and Settings\BJ\My Documents\everide\sl\tellafriend.php --> host80.ipowerweb.com /public_html/sl tellafriend.php
2003.10.19 13:13 B C:\Documents and Settings\BJ\My Documents\everide\sl\terror.txt --> host80.ipowerweb.com /public_html/sl terror.txt
