2003.11.14 19:40 B C:\Documents and Settings\BJ\My Documents\everide\perfectnote\includes\class.php --> host80.ipowerweb.com /public_html/perfectnote/includes class.php
2003.11.14 19:40 B C:\Documents and Settings\BJ\My Documents\everide\perfectnote\includes\signup.php --> host80.ipowerweb.com /public_html/perfectnote/includes signup.php
2003.11.14 19:40 B C:\Documents and Settings\BJ\My Documents\everide\perfectnote\includes\teach.php --> host80.ipowerweb.com /public_html/perfectnote/includes teach.php
2003.11.14 19:40 B C:\Documents and Settings\BJ\My Documents\everide\perfectnote\includes\untitled.htm --> host80.ipowerweb.com /public_html/perfectnote/includes untitled.htm
2003.11.14 19:43 B C:\Documents and Settings\BJ\My Documents\everide\perfectnote\includes\class.php --> host80.ipowerweb.com /public_html/perfectnote/includes class.php
2003.11.14 19:46 B C:\Documents and Settings\BJ\My Documents\everide\perfectnote\includes\class.php --> host80.ipowerweb.com /public_html/perfectnote class.php
2003.11.14 19:46 B C:\Documents and Settings\BJ\My Documents\everide\perfectnote\includes\class.php --> host80.ipowerweb.com /public_html/perfectnote/includes class.php
2003.11.14 19:46 B C:\Documents and Settings\BJ\My Documents\everide\perfectnote\includes\untitled.php --> host80.ipowerweb.com /public_html/perfectnote/includes untitled.php
2003.11.14 19:47 B C:\Documents and Settings\BJ\My Documents\everide\perfectnote\includes\signup.php --> host80.ipowerweb.com /public_html/perfectnote/includes signup.php
2003.11.14 19:47 B C:\Documents and Settings\BJ\My Documents\everide\perfectnote\includes\teach.php --> host80.ipowerweb.com /public_html/perfectnote/includes teach.php
2003.11.14 19:49 B C:\Documents and Settings\BJ\My Documents\everide\perfectnote\includes\class.php --> host80.ipowerweb.com /public_html/perfectnote/includes class.php
2003.11.14 19:49 B C:\Documents and Settings\BJ\My Documents\everide\perfectnote\includes\signup.php --> host80.ipowerweb.com /public_html/perfectnote/includes signup.php
2003.11.14 19:49 B C:\Documents and Settings\BJ\My Documents\everide\perfectnote\includes\teach.php --> host80.ipowerweb.com /public_html/perfectnote/includes teach.php
2003.11.14 20:10 B C:\Documents and Settings\BJ\My Documents\everide\perfectnote\includes\class.php --> host80.ipowerweb.com /public_html/perfectnote/includes class.php
2003.11.14 20:10 B C:\Documents and Settings\BJ\My Documents\everide\perfectnote\includes\goals.php --> host80.ipowerweb.com /public_html/perfectnote/includes goals.php
2003.11.14 20:10 B C:\Documents and Settings\BJ\My Documents\everide\perfectnote\includes\signup.php --> host80.ipowerweb.com /public_html/perfectnote/includes signup.php
2003.11.14 20:10 B C:\Documents and Settings\BJ\My Documents\everide\perfectnote\includes\teach.php --> host80.ipowerweb.com /public_html/perfectnote/includes teach.php
2003.11.14 20:26 B C:\Documents and Settings\BJ\My Documents\everide\perfectnote\includes\class.php --> host80.ipowerweb.com /public_html/perfectnote/includes class.php
2003.11.14 20:26 B C:\Documents and Settings\BJ\My Documents\everide\perfectnote\includes\goals.php --> host80.ipowerweb.com /public_html/perfectnote/includes goals.php
2003.11.14 20:26 B C:\Documents and Settings\BJ\My Documents\everide\perfectnote\includes\signup.php --> host80.ipowerweb.com /public_html/perfectnote/includes signup.php
2003.11.14 20:26 B C:\Documents and Settings\BJ\My Documents\everide\perfectnote\includes\teach.php --> host80.ipowerweb.com /public_html/perfectnote/includes teach.php
2003.11.14 20:33 B C:\Documents and Settings\BJ\My Documents\everide\perfectnote\includes\class.php --> host80.ipowerweb.com /public_html/perfectnote/includes class.php
2003.11.14 20:33 B C:\Documents and Settings\BJ\My Documents\everide\perfectnote\includes\goals.php --> host80.ipowerweb.com /public_html/perfectnote/includes goals.php
2003.11.14 20:33 B C:\Documents and Settings\BJ\My Documents\everide\perfectnote\includes\signup.php --> host80.ipowerweb.com /public_html/perfectnote/includes signup.php
2003.11.14 20:33 B C:\Documents and Settings\BJ\My Documents\everide\perfectnote\includes\teach.php --> host80.ipowerweb.com /public_html/perfectnote/includes teach.php
2003.11.15 16:12 B C:\Documents and Settings\BJ\My Documents\everide\perfectnote\includes\class.php <-- everide /public_html/perfectnote/includes class.php
2003.11.15 16:12 B C:\Documents and Settings\BJ\My Documents\everide\perfectnote\includes\goals.php <-- everide /public_html/perfectnote/includes goals.php
2003.11.15 16:12 B C:\Documents and Settings\BJ\My Documents\everide\perfectnote\includes\signup.php <-- everide /public_html/perfectnote/includes signup.php
2003.11.15 16:12 B C:\Documents and Settings\BJ\My Documents\everide\perfectnote\includes\teach.php <-- everide /public_html/perfectnote/includes teach.php
2003.11.15 16:12 B C:\Documents and Settings\BJ\My Documents\everide\perfectnote\includes\untitled.php <-- everide /public_html/perfectnote/includes untitled.php
2003.11.18 19:28 B C:\Documents and Settings\BJ\My Documents\everide\perfectnote\includes\class.php <-- everide /public_html/perfectnote/includes class.php
2003.11.18 19:28 B C:\Documents and Settings\BJ\My Documents\everide\perfectnote\includes\goals.php <-- everide /public_html/perfectnote/includes goals.php
2003.11.18 19:28 B C:\Documents and Settings\BJ\My Documents\everide\perfectnote\includes\signup.php <-- everide /public_html/perfectnote/includes signup.php
2003.11.18 19:28 B C:\Documents and Settings\BJ\My Documents\everide\perfectnote\includes\teach.php <-- everide /public_html/perfectnote/includes teach.php
2003.11.18 19:32 B C:\Documents and Settings\BJ\My Documents\everide\perfectnote\includes\class.php --> host80.ipowerweb.com /public_html/perfectnote/includes class.php
2003.11.18 19:32 B C:\Documents and Settings\BJ\My Documents\everide\perfectnote\includes\goals.php --> host80.ipowerweb.com /public_html/perfectnote/includes goals.php
2003.11.18 19:32 B C:\Documents and Settings\BJ\My Documents\everide\perfectnote\includes\signup.php --> host80.ipowerweb.com /public_html/perfectnote/includes signup.php
2003.11.18 19:32 B C:\Documents and Settings\BJ\My Documents\everide\perfectnote\includes\teach.php --> host80.ipowerweb.com /public_html/perfectnote/includes teach.php
