2001.08.11 21:51 B C:\Documents and Settings\BJ\My Documents\everide\middle\buck.html <-- everide /public_html/middle buck.html
2001.08.11 21:51 B C:\Documents and Settings\BJ\My Documents\everide\middle\centercontent.html <-- everide /public_html/middle centercontent.html
2003.08.19 23:42 B C:\Documents and Settings\BJ\My Documents\everide\middle\buck.html <-- everide /public_html/middle buck.html
2003.08.19 23:42 B C:\Documents and Settings\BJ\My Documents\everide\middle\centercontent.html <-- everide /public_html/middle centercontent.html
2003.08.19 23:42 B C:\Documents and Settings\BJ\My Documents\everide\middle\forum.html <-- everide /public_html/middle forum.html
2003.09.24 19:36 B C:\Documents and Settings\BJ\My Documents\everide\middle\centercontent.html <-- everide /public_html/middle centercontent.html
2003.09.24 19:36 B C:\Documents and Settings\BJ\My Documents\everide\middle\shout.html <-- everide /public_html/middle shout.html
2003.10.16 17:34 B C:\Documents and Settings\BJ\My Documents\everide\middle\contact.php <-- everide /public_html/middle contact.php
2003.10.16 17:34 B C:\Documents and Settings\BJ\My Documents\everide\middle\mail_contact.php <-- everide /public_html/middle mail_contact.php
2003.10.16 23:06 B C:\Documents and Settings\BJ\My Documents\everide\middle\contact.php --> host80.ipowerweb.com /public_html/middle contact.php
2003.10.16 23:06 B C:\Documents and Settings\BJ\My Documents\everide\middle\mail_contact.php --> host80.ipowerweb.com /public_html/middle mail_contact.php
2003.10.16 23:07 B C:\Documents and Settings\BJ\My Documents\everide\middle\contact.php --> host80.ipowerweb.com /public_html/middle contact.php
2003.10.16 23:07 B C:\Documents and Settings\BJ\My Documents\everide\middle\contact.php --> host80.ipowerweb.com /public_html/middle contact.php
2003.10.16 23:08 B C:\Documents and Settings\BJ\My Documents\everide\middle\contact.php --> host80.ipowerweb.com /public_html/middle contact.php
2003.10.16 23:08 B C:\Documents and Settings\BJ\My Documents\everide\middle\contact.php --> host80.ipowerweb.com /public_html/middle contact.php
2003.10.16 23:35 B C:\Documents and Settings\BJ\My Documents\everide\middle\contact.php --> host80.ipowerweb.com /public_html/middle contact.php
2003.10.16 23:35 B C:\Documents and Settings\BJ\My Documents\everide\middle\mail_contact.php --> host80.ipowerweb.com /public_html/middle mail_contact.php
2003.10.16 23:36 B C:\Documents and Settings\BJ\My Documents\everide\middle\mail_contact.php --> host80.ipowerweb.com /public_html/middle mail_contact.php
2003.10.16 23:40 B C:\Documents and Settings\BJ\My Documents\everide\middle\mail_contact.php --> host80.ipowerweb.com /public_html/middle mail_contact.php
2003.10.16 23:46 B C:\Documents and Settings\BJ\My Documents\everide\middle\mail_contact.php --> host80.ipowerweb.com /public_html/middle mail_contact.php
2003.10.16 23:47 B C:\Documents and Settings\BJ\My Documents\everide\middle\mail_contact.php --> host80.ipowerweb.com /public_html/middle mail_contact.php
2003.10.16 23:49 B C:\Documents and Settings\BJ\My Documents\everide\middle\mail_contact.php --> host80.ipowerweb.com /public_html/middle mail_contact.php
2003.10.16 23:53 B C:\Documents and Settings\BJ\My Documents\everide\middle\mail_contact.php --> host80.ipowerweb.com /public_html/middle mail_contact.php
2003.10.16 23:54 B C:\Documents and Settings\BJ\My Documents\everide\middle\mail_contact.php --> host80.ipowerweb.com /public_html/middle mail_contact.php
2003.10.16 23:55 B C:\Documents and Settings\BJ\My Documents\everide\middle\mail_contact.php --> host80.ipowerweb.com /public_html/middle mail_contact.php
2003.10.16 23:55 B C:\Documents and Settings\BJ\My Documents\everide\middle\mail_contact.php --> host80.ipowerweb.com /public_html/middle mail_contact.php
2003.10.16 23:59 B C:\Documents and Settings\BJ\My Documents\everide\middle\mail_contact.php --> host80.ipowerweb.com /public_html/middle mail_contact.php
2003.10.17 00:00 B C:\Documents and Settings\BJ\My Documents\everide\middle\mail_contact.php --> host80.ipowerweb.com /public_html/middle mail_contact.php
2003.10.17 00:01 B C:\Documents and Settings\BJ\My Documents\everide\middle\mail_contact.php --> host80.ipowerweb.com /public_html/middle mail_contact.php
2003.10.17 00:01 B C:\Documents and Settings\BJ\My Documents\everide\middle\mail_contact.php --> host80.ipowerweb.com /public_html/middle mail_contact.php
2003.10.17 00:03 B C:\Documents and Settings\BJ\My Documents\everide\middle\mail_contact.php --> host80.ipowerweb.com /public_html/middle mail_contact.php
2003.10.17 00:10 B C:\Documents and Settings\BJ\My Documents\everide\middle\mail_contact.php --> host80.ipowerweb.com /public_html/middle mail_contact.php
2003.10.17 00:11 B C:\Documents and Settings\BJ\My Documents\everide\middle\mail_contact.php --> host80.ipowerweb.com /public_html/middle mail_contact.php
2003.10.17 00:14 B C:\Documents and Settings\BJ\My Documents\everide\middle\mail_contact.php --> host80.ipowerweb.com /public_html/middle mail_contact.php
2003.10.17 00:15 B C:\Documents and Settings\BJ\My Documents\everide\middle\mail_contact.php --> host80.ipowerweb.com /public_html/middle mail_contact.php
2003.10.19 12:52 B C:\Documents and Settings\BJ\My Documents\everide\middle\contact.php <-- everide /public_html/middle contact.php
2003.10.19 12:52 B C:\Documents and Settings\BJ\My Documents\everide\middle\mail_contact.php <-- everide /public_html/middle mail_contact.php
2003.10.19 12:52 B C:\Documents and Settings\BJ\My Documents\everide\middle\upload.php <-- everide /public_html/middle upload.php
2003.10.19 12:52 B C:\Documents and Settings\BJ\My Documents\everide\middle\uploaded.php <-- everide /public_html/middle uploaded.php
2003.10.19 13:12 B C:\Documents and Settings\BJ\My Documents\everide\middle\buck.html --> host80.ipowerweb.com /public_html/middle buck.html
2003.10.19 13:12 B C:\Documents and Settings\BJ\My Documents\everide\middle\centercontent.html --> host80.ipowerweb.com /public_html/middle centercontent.html
2003.10.19 13:12 B C:\Documents and Settings\BJ\My Documents\everide\middle\forum.html --> host80.ipowerweb.com /public_html/middle forum.html
