2001.08.11 21:51 B C:\Documents and Settings\BJ\My Documents\everide\header\btmhdr.php <-- everide /public_html/header btmhdr.php
2001.08.11 21:51 B C:\Documents and Settings\BJ\My Documents\everide\header\liveclock_lite.js <-- everide /public_html/header liveclock_lite.js
2001.08.11 21:51 B C:\Documents and Settings\BJ\My Documents\everide\header\mainhdr.php <-- everide /public_html/header mainhdr.php
2001.08.11 21:51 B C:\Documents and Settings\BJ\My Documents\everide\header\mainmenu.php <-- everide /public_html/header mainmenu.php
2001.08.11 21:51 B C:\Documents and Settings\BJ\My Documents\everide\header\random_test.php <-- everide /public_html/header random_test.php
2001.08.11 21:51 B C:\Documents and Settings\BJ\My Documents\everide\header\rephdr.php <-- everide /public_html/header rephdr.php
2001.08.11 21:51 B C:\Documents and Settings\BJ\My Documents\everide\header\spsrhdr.php <-- everide /public_html/header spsrhdr.php
2001.08.11 21:51 B C:\Documents and Settings\BJ\My Documents\everide\header\topmenu.php <-- everide /public_html/header topmenu.php
2001.08.11 21:51 B C:\Documents and Settings\BJ\My Documents\everide\header\vchdr.php <-- everide /public_html/header vchdr.php
2001.08.11 21:51 B C:\Documents and Settings\BJ\My Documents\everide\header\wphdr.php <-- everide /public_html/header wphdr.php
2003.08.19 23:41 B C:\Documents and Settings\BJ\My Documents\everide\header\btmhdr.php <-- everide /public_html/header btmhdr.php
2003.08.19 23:41 B C:\Documents and Settings\BJ\My Documents\everide\header\liveclock_lite.js <-- everide /public_html/header liveclock_lite.js
2003.08.19 23:41 B C:\Documents and Settings\BJ\My Documents\everide\header\mainhdr.php <-- everide /public_html/header mainhdr.php
2003.08.19 23:41 B C:\Documents and Settings\BJ\My Documents\everide\header\mainmenu.php <-- everide /public_html/header mainmenu.php
2003.08.19 23:41 B C:\Documents and Settings\BJ\My Documents\everide\header\rephdr.php <-- everide /public_html/header rephdr.php
2003.08.19 23:41 B C:\Documents and Settings\BJ\My Documents\everide\header\spsrhdr.php <-- everide /public_html/header spsrhdr.php
2003.08.19 23:41 B C:\Documents and Settings\BJ\My Documents\everide\header\topmenu.php <-- everide /public_html/header topmenu.php
2003.08.19 23:41 B C:\Documents and Settings\BJ\My Documents\everide\header\vchdr.php <-- everide /public_html/header vchdr.php
2003.08.19 23:41 B C:\Documents and Settings\BJ\My Documents\everide\header\wphdr.php <-- everide /public_html/header wphdr.php
2003.08.19 23:45 B C:\Documents and Settings\BJ\My Documents\everide\header\mainhdr.php --> host80.ipowerweb.com /public_html mainhdr.php
2003.08.19 23:46 B C:\Documents and Settings\BJ\My Documents\everide\header\mainhdr.php --> host80.ipowerweb.com /public_html mainhdr.php
2003.08.19 23:46 B C:\Documents and Settings\BJ\My Documents\everide\header\mainhdr.php --> host80.ipowerweb.com /public_html/header mainhdr.php
2003.08.19 23:46 B C:\Documents and Settings\BJ\My Documents\everide\header\mainhdr.php --> host80.ipowerweb.com /public_html/header mainhdr.php
2003.09.02 23:11 B C:\Documents and Settings\BJ\My Documents\everide\header\mainhdr.php <-- everide /public_html/header mainhdr.php
2003.09.02 23:14 B C:\Documents and Settings\BJ\My Documents\everide\header\mainhdr.php --> host80.ipowerweb.com /public_html/header mainhdr.php
2003.09.02 23:15 B C:\Documents and Settings\BJ\My Documents\everide\header\mainhdr.php --> host80.ipowerweb.com /public_html/header mainhdr.php
2003.09.02 23:15 B C:\Documents and Settings\BJ\My Documents\everide\header\mainhdr.php --> host80.ipowerweb.com /public_html/header mainhdr.php
2003.09.02 23:16 B C:\Documents and Settings\BJ\My Documents\everide\header\mainhdr.php --> host80.ipowerweb.com /public_html/header mainhdr.php
2003.09.02 23:16 B C:\Documents and Settings\BJ\My Documents\everide\header\mainhdr.php --> host80.ipowerweb.com /public_html/header mainhdr.php
2003.09.02 23:20 B C:\Documents and Settings\BJ\My Documents\everide\header\mainhdr.php --> host80.ipowerweb.com /public_html/header mainhdr.php
2003.09.02 23:20 B C:\Documents and Settings\BJ\My Documents\everide\header\mainhdr.php --> host80.ipowerweb.com /public_html/header mainhdr.php
2003.09.02 23:21 B C:\Documents and Settings\BJ\My Documents\everide\header\mainhdr.php --> host80.ipowerweb.com /public_html/header mainhdr.php
2003.09.02 23:21 B C:\Documents and Settings\BJ\My Documents\everide\header\mainhdr.php --> host80.ipowerweb.com /public_html/header mainhdr.php
2003.09.24 19:36 B C:\Documents and Settings\BJ\My Documents\everide\header\btmhdr.php <-- everide /public_html/header btmhdr.php
2003.09.24 19:36 B C:\Documents and Settings\BJ\My Documents\everide\header\mainhdr.php <-- everide /public_html/header mainhdr.php
2003.09.24 19:36 B C:\Documents and Settings\BJ\My Documents\everide\header\mainmenu.php <-- everide /public_html/header mainmenu.php
2003.09.24 19:36 B C:\Documents and Settings\BJ\My Documents\everide\header\rephdr.php <-- everide /public_html/header rephdr.php
2003.09.24 19:36 B C:\Documents and Settings\BJ\My Documents\everide\header\spsrhdr.php <-- everide /public_html/header spsrhdr.php
2003.09.24 19:36 B C:\Documents and Settings\BJ\My Documents\everide\header\topmenu.php <-- everide /public_html/header topmenu.php
2003.09.24 19:36 B C:\Documents and Settings\BJ\My Documents\everide\header\vchdr.php <-- everide /public_html/header vchdr.php
2003.09.24 19:36 B C:\Documents and Settings\BJ\My Documents\everide\header\wphdr.php <-- everide /public_html/header wphdr.php
2003.10.16 17:34 B C:\Documents and Settings\BJ\My Documents\everide\header\mainhdr.php <-- everide /public_html/header mainhdr.php
2003.10.19 12:52 B C:\Documents and Settings\BJ\My Documents\everide\header\btmhdr.php <-- everide /public_html/header btmhdr.php
2003.10.19 13:12 B C:\Documents and Settings\BJ\My Documents\everide\header\ephdr.php --> host80.ipowerweb.com /public_html/header ephdr.php
2003.10.19 13:12 B C:\Documents and Settings\BJ\My Documents\everide\header\mainmenu.php --> host80.ipowerweb.com /public_html/header mainmenu.php
2003.10.19 13:12 B C:\Documents and Settings\BJ\My Documents\everide\header\random_test.php --> host80.ipowerweb.com /public_html/header random_test.php
2003.10.19 13:12 B C:\Documents and Settings\BJ\My Documents\everide\header\rephdr.php --> host80.ipowerweb.com /public_html/header rephdr.php
2003.10.19 13:12 B C:\Documents and Settings\BJ\My Documents\everide\header\spsrhdr.php --> host80.ipowerweb.com /public_html/header spsrhdr.php
2003.10.19 13:12 B C:\Documents and Settings\BJ\My Documents\everide\header\vchdr.php --> host80.ipowerweb.com /public_html/header vchdr.php
